INFO - 2023-08-16 00:01:48 --> Session: Class initialized using 'CodeIgniter\Session\Handlers\FileHandler' driver.
CRITICAL - 2023-08-16 00:01:48 --> Trying to access array offset on value of type null
in APPPATH\Views\thl\detail_riwayat3.php on line 16.
 1 APPPATH\Views\thl\detail_riwayat3.php(16): CodeIgniter\Debug\Exceptions->errorHandler(2, 'Trying to access array offset on value of type null', 'C:\\xampp\\htdocs\\khublogin\\app\\Views\\thl\\detail_riwayat3.php', 16)
 2 SYSTEMPATH\View\View.php(213): include('C:\\xampp\\htdocs\\khublogin\\app\\Views\\thl\\detail_riwayat3.php')
 3 SYSTEMPATH\View\View.php(216): CodeIgniter\View\View->CodeIgniter\View\{closure}()
 4 SYSTEMPATH\Common.php(1184): CodeIgniter\View\View->render('thl/detail_riwayat3', [], true)
 5 APPPATH\Controllers\thl.php(276): view('thl/detail_riwayat3', [...])
 6 SYSTEMPATH\CodeIgniter.php(934): App\Controllers\thl->detail_riwayat_tidak_disetujui('path', 'to', 'font-awesome', 'css', 'font-awesome.min.css')
 7 SYSTEMPATH\CodeIgniter.php(499): CodeIgniter\CodeIgniter->runController(Object(App\Controllers\thl))
 8 SYSTEMPATH\CodeIgniter.php(368): CodeIgniter\CodeIgniter->handleRequest(null, Object(Config\Cache), false)
 9 FCPATH\index.php(67): CodeIgniter\CodeIgniter->run()
10 SYSTEMPATH\Commands\Server\rewrite.php(47): require_once('C:\\xampp\\htdocs\\khublogin\\public\\index.php')
INFO - 2023-08-16 00:13:28 --> Session: Class initialized using 'CodeIgniter\Session\Handlers\FileHandler' driver.
INFO - 2023-08-16 00:13:29 --> Session: Class initialized using 'CodeIgniter\Session\Handlers\FileHandler' driver.
CRITICAL - 2023-08-16 00:13:29 --> Trying to access array offset on value of type null
in APPPATH\Views\thl\detail_riwayat3.php on line 16.
 1 APPPATH\Views\thl\detail_riwayat3.php(16): CodeIgniter\Debug\Exceptions->errorHandler(2, 'Trying to access array offset on value of type null', 'C:\\xampp\\htdocs\\khublogin\\app\\Views\\thl\\detail_riwayat3.php', 16)
 2 SYSTEMPATH\View\View.php(213): include('C:\\xampp\\htdocs\\khublogin\\app\\Views\\thl\\detail_riwayat3.php')
 3 SYSTEMPATH\View\View.php(216): CodeIgniter\View\View->CodeIgniter\View\{closure}()
 4 SYSTEMPATH\Common.php(1184): CodeIgniter\View\View->render('thl/detail_riwayat3', [], true)
 5 APPPATH\Controllers\thl.php(276): view('thl/detail_riwayat3', [...])
 6 SYSTEMPATH\CodeIgniter.php(934): App\Controllers\thl->detail_riwayat_tidak_disetujui('path', 'to', 'font-awesome', 'css', 'font-awesome.min.css')
 7 SYSTEMPATH\CodeIgniter.php(499): CodeIgniter\CodeIgniter->runController(Object(App\Controllers\thl))
 8 SYSTEMPATH\CodeIgniter.php(368): CodeIgniter\CodeIgniter->handleRequest(null, Object(Config\Cache), false)
 9 FCPATH\index.php(67): CodeIgniter\CodeIgniter->run()
10 SYSTEMPATH\Commands\Server\rewrite.php(47): require_once('C:\\xampp\\htdocs\\khublogin\\public\\index.php')
INFO - 2023-08-16 00:13:37 --> Session: Class initialized using 'CodeIgniter\Session\Handlers\FileHandler' driver.
INFO - 2023-08-16 00:13:37 --> Session: Class initialized using 'CodeIgniter\Session\Handlers\FileHandler' driver.
CRITICAL - 2023-08-16 00:13:37 --> Trying to access array offset on value of type null
in APPPATH\Views\thl\detail_riwayat3.php on line 16.
 1 APPPATH\Views\thl\detail_riwayat3.php(16): CodeIgniter\Debug\Exceptions->errorHandler(2, 'Trying to access array offset on value of type null', 'C:\\xampp\\htdocs\\khublogin\\app\\Views\\thl\\detail_riwayat3.php', 16)
 2 SYSTEMPATH\View\View.php(213): include('C:\\xampp\\htdocs\\khublogin\\app\\Views\\thl\\detail_riwayat3.php')
 3 SYSTEMPATH\View\View.php(216): CodeIgniter\View\View->CodeIgniter\View\{closure}()
 4 SYSTEMPATH\Common.php(1184): CodeIgniter\View\View->render('thl/detail_riwayat3', [], true)
 5 APPPATH\Controllers\thl.php(276): view('thl/detail_riwayat3', [...])
 6 SYSTEMPATH\CodeIgniter.php(934): App\Controllers\thl->detail_riwayat_tidak_disetujui('path', 'to', 'font-awesome', 'css', 'font-awesome.min.css')
 7 SYSTEMPATH\CodeIgniter.php(499): CodeIgniter\CodeIgniter->runController(Object(App\Controllers\thl))
 8 SYSTEMPATH\CodeIgniter.php(368): CodeIgniter\CodeIgniter->handleRequest(null, Object(Config\Cache), false)
 9 FCPATH\index.php(67): CodeIgniter\CodeIgniter->run()
10 SYSTEMPATH\Commands\Server\rewrite.php(47): require_once('C:\\xampp\\htdocs\\khublogin\\public\\index.php')
INFO - 2023-08-16 00:13:40 --> Session: Class initialized using 'CodeIgniter\Session\Handlers\FileHandler' driver.
INFO - 2023-08-16 00:13:40 --> Session: Class initialized using 'CodeIgniter\Session\Handlers\FileHandler' driver.
INFO - 2023-08-16 00:15:18 --> Session: Class initialized using 'CodeIgniter\Session\Handlers\FileHandler' driver.
INFO - 2023-08-16 00:17:25 --> Session: Class initialized using 'CodeIgniter\Session\Handlers\FileHandler' driver.
INFO - 2023-08-16 00:17:25 --> Session: Class initialized using 'CodeIgniter\Session\Handlers\FileHandler' driver.
