INFO - 2023-08-17 20:24:16 --> Session: Class initialized using 'CodeIgniter\Session\Handlers\FileHandler' driver.
INFO - 2023-08-17 20:24:16 --> Session: Class initialized using 'CodeIgniter\Session\Handlers\FileHandler' driver.
INFO - 2023-08-17 20:39:01 --> Session: Class initialized using 'CodeIgniter\Session\Handlers\FileHandler' driver.
INFO - 2023-08-17 20:39:02 --> Session: Class initialized using 'CodeIgniter\Session\Handlers\FileHandler' driver.
INFO - 2023-08-17 20:39:02 --> Session: Class initialized using 'CodeIgniter\Session\Handlers\FileHandler' driver.
INFO - 2023-08-17 20:56:18 --> Session: Class initialized using 'CodeIgniter\Session\Handlers\FileHandler' driver.
INFO - 2023-08-17 20:56:18 --> Session: Class initialized using 'CodeIgniter\Session\Handlers\FileHandler' driver.
INFO - 2023-08-17 21:29:02 --> Session: Class initialized using 'CodeIgniter\Session\Handlers\FileHandler' driver.
INFO - 2023-08-17 21:29:02 --> Session: Class initialized using 'CodeIgniter\Session\Handlers\FileHandler' driver.
CRITICAL - 2023-08-17 21:29:02 --> Attempt to read property "fullname" on null
in APPPATH\Views\thl\form_mulai.php on line 10.
 1 APPPATH\Views\thl\form_mulai.php(10): CodeIgniter\Debug\Exceptions->errorHandler(2, 'Attempt to read property "fullname" on null', 'C:\\xampp\\htdocs\\khublogin\\app\\Views\\thl\\form_mulai.php', 10)
 2 SYSTEMPATH\View\View.php(213): include('C:\\xampp\\htdocs\\khublogin\\app\\Views\\thl\\form_mulai.php')
 3 SYSTEMPATH\View\View.php(216): CodeIgniter\View\View->CodeIgniter\View\{closure}()
 4 SYSTEMPATH\Common.php(1184): CodeIgniter\View\View->render('thl/form_mulai', [], true)
 5 APPPATH\Controllers\thl.php(44): view('thl/form_mulai', [...])
 6 SYSTEMPATH\CodeIgniter.php(934): App\Controllers\thl->buat_kerja('path', 'to', 'font-awesome', 'css', 'font-awesome.min.css')
 7 SYSTEMPATH\CodeIgniter.php(499): CodeIgniter\CodeIgniter->runController(Object(App\Controllers\thl))
 8 SYSTEMPATH\CodeIgniter.php(368): CodeIgniter\CodeIgniter->handleRequest(null, Object(Config\Cache), false)
 9 FCPATH\index.php(67): CodeIgniter\CodeIgniter->run()
10 SYSTEMPATH\Commands\Server\rewrite.php(47): require_once('C:\\xampp\\htdocs\\khublogin\\public\\index.php')
INFO - 2023-08-17 21:33:33 --> Session: Class initialized using 'CodeIgniter\Session\Handlers\FileHandler' driver.
INFO - 2023-08-17 21:33:33 --> Session: Class initialized using 'CodeIgniter\Session\Handlers\FileHandler' driver.
INFO - 2023-08-17 21:33:34 --> Session: Class initialized using 'CodeIgniter\Session\Handlers\FileHandler' driver.
INFO - 2023-08-17 21:33:47 --> Session: Class initialized using 'CodeIgniter\Session\Handlers\FileHandler' driver.
INFO - 2023-08-17 21:33:47 --> Session: Class initialized using 'CodeIgniter\Session\Handlers\FileHandler' driver.
CRITICAL - 2023-08-17 21:33:47 --> Attempt to read property "username" on null
in APPPATH\Views\thl\form_selesai.php on line 10.
 1 APPPATH\Views\thl\form_selesai.php(10): CodeIgniter\Debug\Exceptions->errorHandler(2, 'Attempt to read property "username" on null', 'C:\\xampp\\htdocs\\khublogin\\app\\Views\\thl\\form_selesai.php', 10)
 2 SYSTEMPATH\View\View.php(213): include('C:\\xampp\\htdocs\\khublogin\\app\\Views\\thl\\form_selesai.php')
 3 SYSTEMPATH\View\View.php(216): CodeIgniter\View\View->CodeIgniter\View\{closure}()
 4 SYSTEMPATH\Common.php(1184): CodeIgniter\View\View->render('thl/form_selesai', [], true)
 5 APPPATH\Controllers\thl.php(89): view('thl/form_selesai', [...])
 6 SYSTEMPATH\CodeIgniter.php(934): App\Controllers\thl->selesai_kerja('path', 'to', 'font-awesome', 'css', 'font-awesome.min.css')
 7 SYSTEMPATH\CodeIgniter.php(499): CodeIgniter\CodeIgniter->runController(Object(App\Controllers\thl))
 8 SYSTEMPATH\CodeIgniter.php(368): CodeIgniter\CodeIgniter->handleRequest(null, Object(Config\Cache), false)
 9 FCPATH\index.php(67): CodeIgniter\CodeIgniter->run()
10 SYSTEMPATH\Commands\Server\rewrite.php(47): require_once('C:\\xampp\\htdocs\\khublogin\\public\\index.php')
INFO - 2023-08-17 21:44:06 --> Session: Class initialized using 'CodeIgniter\Session\Handlers\FileHandler' driver.
INFO - 2023-08-17 21:44:07 --> Session: Class initialized using 'CodeIgniter\Session\Handlers\FileHandler' driver.
CRITICAL - 2023-08-17 21:44:07 --> Attempt to read property "username" on null
in APPPATH\Views\thl\form_selesai.php on line 10.
 1 APPPATH\Views\thl\form_selesai.php(10): CodeIgniter\Debug\Exceptions->errorHandler(2, 'Attempt to read property "username" on null', 'C:\\xampp\\htdocs\\khublogin\\app\\Views\\thl\\form_selesai.php', 10)
 2 SYSTEMPATH\View\View.php(213): include('C:\\xampp\\htdocs\\khublogin\\app\\Views\\thl\\form_selesai.php')
 3 SYSTEMPATH\View\View.php(216): CodeIgniter\View\View->CodeIgniter\View\{closure}()
 4 SYSTEMPATH\Common.php(1184): CodeIgniter\View\View->render('thl/form_selesai', [], true)
 5 APPPATH\Controllers\thl.php(89): view('thl/form_selesai', [...])
 6 SYSTEMPATH\CodeIgniter.php(934): App\Controllers\thl->selesai_kerja('path', 'to', 'font-awesome', 'css', 'font-awesome.min.css')
 7 SYSTEMPATH\CodeIgniter.php(499): CodeIgniter\CodeIgniter->runController(Object(App\Controllers\thl))
 8 SYSTEMPATH\CodeIgniter.php(368): CodeIgniter\CodeIgniter->handleRequest(null, Object(Config\Cache), false)
 9 FCPATH\index.php(67): CodeIgniter\CodeIgniter->run()
10 SYSTEMPATH\Commands\Server\rewrite.php(47): require_once('C:\\xampp\\htdocs\\khublogin\\public\\index.php')
INFO - 2023-08-17 22:42:29 --> Session: Class initialized using 'CodeIgniter\Session\Handlers\FileHandler' driver.
INFO - 2023-08-17 22:42:29 --> Session: Class initialized using 'CodeIgniter\Session\Handlers\FileHandler' driver.
CRITICAL - 2023-08-17 22:42:29 --> Attempt to read property "username" on null
in APPPATH\Views\thl\form_selesai.php on line 10.
 1 APPPATH\Views\thl\form_selesai.php(10): CodeIgniter\Debug\Exceptions->errorHandler(2, 'Attempt to read property "username" on null', 'C:\\xampp\\htdocs\\khublogin\\app\\Views\\thl\\form_selesai.php', 10)
 2 SYSTEMPATH\View\View.php(213): include('C:\\xampp\\htdocs\\khublogin\\app\\Views\\thl\\form_selesai.php')
 3 SYSTEMPATH\View\View.php(216): CodeIgniter\View\View->CodeIgniter\View\{closure}()
 4 SYSTEMPATH\Common.php(1184): CodeIgniter\View\View->render('thl/form_selesai', [], true)
 5 APPPATH\Controllers\thl.php(89): view('thl/form_selesai', [...])
 6 SYSTEMPATH\CodeIgniter.php(934): App\Controllers\thl->selesai_kerja('path', 'to', 'font-awesome', 'css', 'font-awesome.min.css')
 7 SYSTEMPATH\CodeIgniter.php(499): CodeIgniter\CodeIgniter->runController(Object(App\Controllers\thl))
 8 SYSTEMPATH\CodeIgniter.php(368): CodeIgniter\CodeIgniter->handleRequest(null, Object(Config\Cache), false)
 9 FCPATH\index.php(67): CodeIgniter\CodeIgniter->run()
10 SYSTEMPATH\Commands\Server\rewrite.php(47): require_once('C:\\xampp\\htdocs\\khublogin\\public\\index.php')
INFO - 2023-08-17 22:42:31 --> Session: Class initialized using 'CodeIgniter\Session\Handlers\FileHandler' driver.
INFO - 2023-08-17 22:42:32 --> Session: Class initialized using 'CodeIgniter\Session\Handlers\FileHandler' driver.
INFO - 2023-08-17 22:42:34 --> Session: Class initialized using 'CodeIgniter\Session\Handlers\FileHandler' driver.
INFO - 2023-08-17 22:42:34 --> Session: Class initialized using 'CodeIgniter\Session\Handlers\FileHandler' driver.
INFO - 2023-08-17 22:42:37 --> Session: Class initialized using 'CodeIgniter\Session\Handlers\FileHandler' driver.
INFO - 2023-08-17 22:42:38 --> Session: Class initialized using 'CodeIgniter\Session\Handlers\FileHandler' driver.
INFO - 2023-08-17 22:42:41 --> Session: Class initialized using 'CodeIgniter\Session\Handlers\FileHandler' driver.
INFO - 2023-08-17 22:42:41 --> Session: Class initialized using 'CodeIgniter\Session\Handlers\FileHandler' driver.
CRITICAL - 2023-08-17 22:42:41 --> Trying to access array offset on value of type null
in APPPATH\Views\thl\detail_riwayat3.php on line 16.
 1 APPPATH\Views\thl\detail_riwayat3.php(16): CodeIgniter\Debug\Exceptions->errorHandler(2, 'Trying to access array offset on value of type null', 'C:\\xampp\\htdocs\\khublogin\\app\\Views\\thl\\detail_riwayat3.php', 16)
 2 SYSTEMPATH\View\View.php(213): include('C:\\xampp\\htdocs\\khublogin\\app\\Views\\thl\\detail_riwayat3.php')
 3 SYSTEMPATH\View\View.php(216): CodeIgniter\View\View->CodeIgniter\View\{closure}()
 4 SYSTEMPATH\Common.php(1184): CodeIgniter\View\View->render('thl/detail_riwayat3', [], true)
 5 APPPATH\Controllers\thl.php(276): view('thl/detail_riwayat3', [...])
 6 SYSTEMPATH\CodeIgniter.php(934): App\Controllers\thl->detail_riwayat_tidak_disetujui('path', 'to', 'font-awesome', 'css', 'font-awesome.min.css')
 7 SYSTEMPATH\CodeIgniter.php(499): CodeIgniter\CodeIgniter->runController(Object(App\Controllers\thl))
 8 SYSTEMPATH\CodeIgniter.php(368): CodeIgniter\CodeIgniter->handleRequest(null, Object(Config\Cache), false)
 9 FCPATH\index.php(67): CodeIgniter\CodeIgniter->run()
10 SYSTEMPATH\Commands\Server\rewrite.php(47): require_once('C:\\xampp\\htdocs\\khublogin\\public\\index.php')
INFO - 2023-08-17 22:52:52 --> Session: Class initialized using 'CodeIgniter\Session\Handlers\FileHandler' driver.
INFO - 2023-08-17 22:52:53 --> Session: Class initialized using 'CodeIgniter\Session\Handlers\FileHandler' driver.
CRITICAL - 2023-08-17 22:52:53 --> Trying to access array offset on value of type null
in APPPATH\Views\thl\ubah_riwayat.php on line 14.
 1 APPPATH\Views\thl\ubah_riwayat.php(14): CodeIgniter\Debug\Exceptions->errorHandler(2, 'Trying to access array offset on value of type null', 'C:\\xampp\\htdocs\\khublogin\\app\\Views\\thl\\ubah_riwayat.php', 14)
 2 SYSTEMPATH\View\View.php(213): include('C:\\xampp\\htdocs\\khublogin\\app\\Views\\thl\\ubah_riwayat.php')
 3 SYSTEMPATH\View\View.php(216): CodeIgniter\View\View->CodeIgniter\View\{closure}()
 4 SYSTEMPATH\Common.php(1184): CodeIgniter\View\View->render('thl/ubah_riwayat', [], true)
 5 APPPATH\Controllers\thl.php(286): view('thl/ubah_riwayat', [...])
 6 SYSTEMPATH\CodeIgniter.php(934): App\Controllers\thl->ubah_riwayat('path', 'to', 'font-awesome', 'css', 'font-awesome.min.css')
 7 SYSTEMPATH\CodeIgniter.php(499): CodeIgniter\CodeIgniter->runController(Object(App\Controllers\thl))
 8 SYSTEMPATH\CodeIgniter.php(368): CodeIgniter\CodeIgniter->handleRequest(null, Object(Config\Cache), false)
 9 FCPATH\index.php(67): CodeIgniter\CodeIgniter->run()
10 SYSTEMPATH\Commands\Server\rewrite.php(47): require_once('C:\\xampp\\htdocs\\khublogin\\public\\index.php')
INFO - 2023-08-17 23:11:59 --> Session: Class initialized using 'CodeIgniter\Session\Handlers\FileHandler' driver.
INFO - 2023-08-17 23:11:59 --> Session: Class initialized using 'CodeIgniter\Session\Handlers\FileHandler' driver.
INFO - 2023-08-17 23:12:02 --> Session: Class initialized using 'CodeIgniter\Session\Handlers\FileHandler' driver.
INFO - 2023-08-17 23:12:02 --> Session: Class initialized using 'CodeIgniter\Session\Handlers\FileHandler' driver.
INFO - 2023-08-17 23:12:04 --> Session: Class initialized using 'CodeIgniter\Session\Handlers\FileHandler' driver.
INFO - 2023-08-17 23:12:05 --> Session: Class initialized using 'CodeIgniter\Session\Handlers\FileHandler' driver.
